#
# An unexpected error has been detected by Java Runtime Environment:
#
#  EXCEPTION_ACCESS_VIOLATION (0xc0000005) at pc=0x78ce5ab4, pid=3116, tid=3196
#
# Java VM: Java HotSpot(TM) Client VM (1.6.0-b105 mixed mode)
# Problematic frame:
# C  [awt.dll+0xe5ab4]
#
# If you would like to submit a bug report, please visit:
#   http://java.sun.com/webapps/bugreport/crash.jsp
#

---------------  T H R E A D  ---------------

Current thread (0x0871cc00):  JavaThread "Java2D Disposer" daemon [_thread_in_native, id=3196]

siginfo: ExceptionCode=0xc0000005, reading address 0x0408019c

Registers:
EAX=0x00000000, EBX=0x1ab65b58, ECX=0x04080198, EDX=0x00000004
ESP=0x0890fa84, EBP=0x0890faf8, ESI=0x04080198, EDI=0x00000000
EIP=0x78ce5ab4, EFLAGS=0x00010206

Top of Stack: (sp=0x0890fa84)
0x0890fa84:   08711af0 1ab65b58 78ceabc0 0871cce8
0x0890fa94:   08711af0 78c472bf 0871cce8 08711af0
0x0890faa4:   0871cc00 1ab65b58 78c48067 0871cce8
0x0890fab4:   08711af0 00000000 04b3a460 0871cce8
0x0890fac4:   0890fb00 78c472a0 00000000 08711af0
0x0890fad4:   00000000 0890fad8 00000000 0890fb14
0x0890fae4:   1ab65d68 00000000 1ab65b58 00000000
0x0890faf4:   0890fb08 0890fb38 04b32c71 1ab65d08 

Instructions: (pc=0x78ce5ab4)
0x78ce5aa4:   08 5f 8b c6 5e c2 04 00 cc cc cc cc 53 56 8b f1
0x78ce5ab4:   8b 46 04 8d 5e 04 8b cb ff 10 8b 56 3c 4a 8b c2 


Stack: [0x08890000,0x08910000),  sp=0x0890fa84,  free space=510k
Native frames: (J=compiled Java code, j=interpreted, Vv=VM code, C=native code)
C  [awt.dll+0xe5ab4]
j  sun.java2d.DefaultDisposerRecord.dispose()V+8
j  sun.java2d.Disposer.run()V+26
j  java.lang.Thread.run()V+11
v  ~StubRoutines::call_stub

Java frames: (J=compiled Java code, j=interpreted, Vv=VM code)
j  sun.java2d.DefaultDisposerRecord.invokeNativeDispose(JJ)V+0
j  sun.java2d.DefaultDisposerRecord.dispose()V+8
j  sun.java2d.Disposer.run()V+26
j  java.lang.Thread.run()V+11
v  ~StubRoutines::call_stub

---------------  P R O C E S S  ---------------

Java Threads: ( => current thread )
  0x09377400 JavaThread "AWT-EventQueue-0" [_thread_blocked, id=4392]
  0x09217c00 JavaThread "Thread-1978" [_thread_blocked, id=4364]
  0x09332800 JavaThread "Timer-9" [_thread_blocked, id=1812]
  0x0922a400 JavaThread "Thread-1787" [_thread_blocked, id=5156]
  0x09142400 JavaThread "Thread-869" [_thread_blocked, id=2416]
  0x08fdec00 JavaThread "Thread-867" [_thread_blocked, id=6012]
  0x0928cc00 JavaThread "Thread-865" [_thread_blocked, id=4524]
  0x04ad5c00 JavaThread "Thread-238" [_thread_blocked, id=2636]
  0x0923a800 JavaThread "Thread-98" [_thread_blocked, id=5276]
  0x08739c00 JavaThread "Prefs Updater" [_thread_blocked, id=5380]
  0x090f8400 JavaThread "Thread-12" [_thread_blocked, id=4812]
  0x090f5400 JavaThread "Thread-11" [_thread_blocked, id=5044]
  0x08fcf800 JavaThread "Active Reference Queue Daemon" daemon [_thread_blocked, id=1080]
  0x08fc5000 JavaThread "Timer-3" daemon [_thread_blocked, id=4408]
  0x08fb4400 JavaThread "Timer-2" daemon [_thread_blocked, id=5056]
  0x08cd5800 JavaThread "TimerQueue" daemon [_thread_blocked, id=4820]
  0x087c5800 JavaThread "AWT-Shutdown" [_thread_blocked, id=4440]
  0x08769800 JavaThread "Timer-0" [_thread_blocked, id=4928]
  0x0871dc00 JavaThread "AWT-Windows" daemon [_thread_in_native, id=1356]
=>0x0871cc00 JavaThread "Java2D Disposer" daemon [_thread_in_native, id=3196]
  0x04ac4000 JavaThread "Low Memory Detector" daemon [_thread_blocked, id=1652]
  0x04ac2c00 JavaThread "CompilerThread0" daemon [_thread_blocked, id=5540]
  0x04abf400 JavaThread "Attach Listener" daemon [_thread_blocked, id=4256]
  0x04aaa400 JavaThread "Finalizer" daemon [_thread_blocked, id=1804]
  0x04aa9400 JavaThread "Reference Handler" daemon [_thread_blocked, id=4512]
  0x049fd800 JavaThread "main" [_thread_in_native, id=5796]

Other Threads:
  0x04aa6400 VMThread [id=1092]
  0x04ad2000 WatcherThread [id=256]

VM state:not at safepoint (normal execution)

VM Mutex/Monitor currently owned by a thread: None

Heap
 def new generation   total 14912K, used 1557K [0x12220000, 0x13240000, 0x14220000)
  eden space 13312K,   9% used [0x12220000, 0x1234fce8, 0x12f20000)
  from space 1600K,  21% used [0x130b0000, 0x13105728, 0x13240000)
  to   space 1600K,   0% used [0x12f20000, 0x12f20000, 0x130b0000)
 tenured generation   total 49152K, used 38835K [0x14220000, 0x17220000, 0x1a220000)
   the space 49152K,  79% used [0x14220000, 0x1680cf18, 0x1680d000, 0x17220000)
 compacting perm gen  total 32768K, used 28683K [0x1a220000, 0x1c220000, 0x1e220000)
   the space 32768K,  87% used [0x1a220000, 0x1be22ff0, 0x1be23000, 0x1c220000)
No shared spaces configured.

Dynamic libraries:
0x00400000 - 0x00536000 	C:\Program Files\MATLAB\R2008a\bin\win32\MATLAB.exe
0x7c920000 - 0x7c9b6000 	C:\WINDOWS\system32\ntdll.dll
0x7c800000 - 0x7c91e000 	C:\WINDOWS\system32\kernel32.dll
0x7ac90000 - 0x7ad5b000 	C:\Program Files\MATLAB\R2008a\bin\win32\libut.dll
0x76c60000 - 0x76c88000 	C:\WINDOWS\system32\imagehlp.dll
0x77be0000 - 0x77c38000 	C:\WINDOWS\system32\msvcrt.dll
0x76bc0000 - 0x76bcb000 	C:\WINDOWS\system32\PSAPI.DLL
0x7b4d0000 - 0x7b4ef000 	C:\Program Files\MATLAB\R2008a\bin\win32\LIBEXPAT.dll
0x78130000 - 0x781cb000 	C:\WINDOWS\WinSxS\x86_Microsoft.VC80.CRT_1fc8b3b9a1e18e3b_8.0.50727.4053_x-ww_e6967989\MSVCR80.dll
0x7b040000 - 0x7b117000 	C:\Program Files\MATLAB\R2008a\bin\win32\icuuc36.dll
0x77da0000 - 0x77e49000 	C:\WINDOWS\system32\ADVAPI32.dll
0x77e50000 - 0x77ee2000 	C:\WINDOWS\system32\RPCRT4.dll
0x77fc0000 - 0x77fd1000 	C:\WINDOWS\system32\Secur32.dll
0x7a820000 - 0x7a824000 	C:\Program Files\MATLAB\R2008a\bin\win32\icudt36.dll
0x7a830000 - 0x7a83c000 	C:\Program Files\MATLAB\R2008a\bin\win32\icuio36.dll
0x7aaf0000 - 0x7abb2000 	C:\Program Files\MATLAB\R2008a\bin\win32\icuin36.dll
0x7c420000 - 0x7c4a7000 	C:\WINDOWS\WinSxS\x86_Microsoft.VC80.CRT_1fc8b3b9a1e18e3b_8.0.50727.4053_x-ww_e6967989\MSVCP80.dll
0x77d10000 - 0x77da0000 	C:\WINDOWS\system32\USER32.dll
0x77ef0000 - 0x77f39000 	C:\WINDOWS\system32\GDI32.dll
0x7adc0000 - 0x7af93000 	C:\Program Files\MATLAB\R2008a\bin\win32\libmwservices.dll
0x7ad60000 - 0x7adb2000 	C:\Program Files\MATLAB\R2008a\bin\win32\libmx.dll
0x78680000 - 0x78692000 	C:\Program Files\MATLAB\R2008a\bin\win32\zlib1.dll
0x7afa0000 - 0x7b036000 	C:\Program Files\MATLAB\R2008a\bin\win32\libmwmathutil.dll
0x791b0000 - 0x791e3000 	C:\Program Files\MATLAB\R2008a\bin\win32\mpath.dll
0x7b500000 - 0x7b515000 	C:\Program Files\MATLAB\R2008a\bin\win32\mlutil.dll
0x00340000 - 0x003da000 	C:\WINDOWS\system32\COMCTL32.dll
0x76320000 - 0x76367000 	C:\WINDOWS\system32\comdlg32.dll
0x7d590000 - 0x7dd84000 	C:\WINDOWS\system32\SHELL32.dll
0x77f40000 - 0x77fb6000 	C:\WINDOWS\system32\SHLWAPI.dll
0x00d40000 - 0x00d95000 	C:\WINDOWS\system32\NETAPI32.dll
0x71a20000 - 0x71a37000 	C:\WINDOWS\system32\WS2_32.dll
0x71a10000 - 0x71a18000 	C:\WINDOWS\system32\WS2HELP.dll
0x79710000 - 0x79746000 	C:\Program Files\MATLAB\R2008a\bin\win32\mcr.dll
0x7a840000 - 0x7a857000 	C:\Program Files\MATLAB\R2008a\bin\win32\iqm.dll
0x78550000 - 0x7856a000 	C:\Program Files\MATLAB\R2008a\bin\win32\bridge.dll
0x7a870000 - 0x7a87e000 	C:\Program Files\MATLAB\R2008a\bin\win32\libmex.dll
0x795e0000 - 0x79638000 	C:\Program Files\MATLAB\R2008a\bin\win32\m_dispatcher.dll
0x78570000 - 0x7858c000 	C:\Program Files\MATLAB\R2008a\bin\win32\datasvcs.dll
0x78a30000 - 0x78bf2000 	C:\Program Files\MATLAB\R2008a\bin\win32\xerces-c_2_7.dll
0x79c90000 - 0x7a1a0000 	C:\Program Files\MATLAB\R2008a\bin\win32\m_interpreter.dll
0x78590000 - 0x785b1000 	C:\Program Files\MATLAB\R2008a\bin\win32\libmat.dll
0x7abc0000 - 0x7ac85000 	C:\Program Files\MATLAB\R2008a\bin\win32\libhdf5.dll
0x794f0000 - 0x79539000 	C:\Program Files\MATLAB\R2008a\bin\win32\profiler.dll
0x7a8d0000 - 0x7a8d9000 	C:\Program Files\MATLAB\R2008a\bin\win32\libmwmathrng.dll
0x78600000 - 0x78612000 	C:\Program Files\MATLAB\R2008a\bin\win32\m_pcodeio.dll
0x79170000 - 0x791a4000 	C:\Program Files\MATLAB\R2008a\bin\win32\m_ir.dll
0x797c0000 - 0x79c8b000 	C:\Program Files\MATLAB\R2008a\bin\win32\m_parser.dll
0x7a860000 - 0x7a86d000 	C:\Program Files\MATLAB\R2008a\bin\win32\ir_xfmr.dll
0x782e0000 - 0x78411000 	C:\Program Files\MATLAB\R2008a\bin\win32\mcos.dll
0x7a900000 - 0x7a90a000 	C:\Program Files\MATLAB\R2008a\bin\win32\mtok.dll
0x785e0000 - 0x785f6000 	C:\Program Files\MATLAB\R2008a\bin\win32\m_pcodegen.dll
0x7a810000 - 0x7a81d000 	C:\Program Files\MATLAB\R2008a\bin\win32\boost_thread-vc80-mt-1_34_1.dll
0x7a6e0000 - 0x7a764000 	C:\Program Files\MATLAB\R2008a\bin\win32\udd.dll
0x7b120000 - 0x7b20d000 	C:\Program Files\MATLAB\R2008a\bin\win32\libmwgui.dll
0x786e0000 - 0x78860000 	C:\Program Files\MATLAB\R2008a\bin\win32\hg.dll
0x790b0000 - 0x790ea000 	C:\Program Files\MATLAB\R2008a\bin\win32\jmi.dll
0x78dd0000 - 0x78dfa000 	C:\Program Files\MATLAB\R2008a\bin\win32\libmwhardcopy.dll
0x79130000 - 0x79169000 	C:\Program Files\MATLAB\R2008a\bin\win32\libuij.dll
0x78860000 - 0x78a22000 	C:\Program Files\MATLAB\R2008a\bin\win32\numerics.dll
0x7a8a0000 - 0x7a8aa000 	C:\Program Files\MATLAB\R2008a\bin\win32\libmwblas.dll
0x7a890000 - 0x7a89c000 	C:\Program Files\MATLAB\R2008a\bin\win32\libmwbinder.dll
0x785c0000 - 0x785df000 	C:\Program Files\MATLAB\R2008a\bin\win32\libmwlapack.dll
0x7b4f0000 - 0x7b4f8000 	C:\Program Files\MATLAB\R2008a\bin\win32\libmwfftw.dll
0x7b520000 - 0x7b54a000 	C:\Program Files\MATLAB\R2008a\bin\win32\libmwrookfastbp.dll
0x78e00000 - 0x78e27000 	C:\Program Files\MATLAB\R2008a\bin\win32\libmwma57.dll
0x7aa40000 - 0x7aaeb000 	C:\Program Files\MATLAB\R2008a\bin\win32\libifcoremd.dll
0x791f0000 - 0x7949f000 	C:\Program Files\MATLAB\R2008a\bin\win32\libmmd.dll
0x7a8c0000 - 0x7a8c8000 	C:\Program Files\MATLAB\R2008a\bin\win32\libmwcsparse.dll
0x796a0000 - 0x79707000 	C:\Program Files\MATLAB\R2008a\bin\win32\libmwumfpack.dll
0x7a880000 - 0x7a888000 	C:\Program Files\MATLAB\R2008a\bin\win32\libmwamd.dll
0x79540000 - 0x79593000 	C:\Program Files\MATLAB\R2008a\bin\win32\libmwcholmod.dll
0x7a8b0000 - 0x7a8b8000 	C:\Program Files\MATLAB\R2008a\bin\win32\libmwcolamd.dll
0x7a770000 - 0x7a804000 	C:\Program Files\MATLAB\R2008a\bin\win32\uiw.dll
0x7a940000 - 0x7a949000 	C:\Program Files\MATLAB\R2008a\bin\win32\uinone.dll
0x781d0000 - 0x782e0000 	C:\WINDOWS\WinSxS\x86_Microsoft.VC80.MFC_1fc8b3b9a1e18e3b_8.0.50727.4053_x-ww_b77cec8e\MFC80.DLL
0x72f70000 - 0x72f96000 	C:\WINDOWS\system32\WINSPOOL.DRV
0x76990000 - 0x76acd000 	C:\WINDOWS\system32\ole32.dll
0x770f0000 - 0x7717b000 	C:\WINDOWS\system32\OLEAUT32.dll
0x79750000 - 0x797b2000 	C:\Program Files\MATLAB\R2008a\bin\win32\udd_mi.dll
0x78620000 - 0x78632000 	C:\Program Files\MATLAB\R2008a\bin\win32\mwoles05.DLL
0x794a0000 - 0x794e3000 	C:\Program Files\MATLAB\R2008a\bin\win32\comcli.dll
0x7c630000 - 0x7c64b000 	C:\WINDOWS\WinSxS\x86_Microsoft.VC80.ATL_1fc8b3b9a1e18e3b_8.0.50727.4053_x-ww_473666fd\ATL80.DLL
0x7a8f0000 - 0x7a8fb000 	C:\Program Files\MATLAB\R2008a\bin\win32\mlautoregister.dll
0x76300000 - 0x7631d000 	C:\WINDOWS\system32\IMM32.DLL
0x01340000 - 0x01349000 	C:\WINDOWS\system32\LPK.DLL
0x73fa0000 - 0x7400b000 	C:\WINDOWS\system32\USP10.dll
0x77180000 - 0x77283000 	C:\WINDOWS\WinSxS\x86_Microsoft.Windows.Common-Controls_6595b64144ccf1df_6.0.2600.5512_x-ww_35d4ce83\comctl32.dll
0x7b7f0000 - 0x7c0b2000 	C:\Program Files\MATLAB\R2008a\bin\win32\mkl.dll
0x790f0000 - 0x7912e000 	C:\Program Files\MATLAB\R2008a\bin\win32\libguide40.dll
0x7b210000 - 0x7b216000 	C:\Program Files\MATLAB\R2008a\bin\win32\mklcompat.dll
0x7a1a0000 - 0x7a650000 	C:\Program Files\MATLAB\R2008a\bin\win32\mllapack.dll
0x7b700000 - 0x7b7e4000 	C:\Program Files\MATLAB\R2008a\bin\win32\libfftw3i.dll
0x7a950000 - 0x7aa3f000 	C:\Program Files\MATLAB\R2008a\bin\win32\libfftw3f.dll
0x023d0000 - 0x023da000 	C:\WINDOWS\WinSxS\x86_Microsoft.VC80.MFCLOC_1fc8b3b9a1e18e3b_8.0.50727.4053_x-ww_0ccc058c\MFC80CHS.DLL
0x02410000 - 0x02447000 	C:\WINDOWS\system32\uxtheme.dll
0x10000000 - 0x10015000 	C:\Program Files\Kingsoft\Kingsoft Internet Security\KMailOEBand.DLL
0x024b0000 - 0x024ed000 	C:\Program Files\Kingsoft\Kingsoft Internet Security\kis.dll
0x02500000 - 0x0260f000 	C:\WINDOWS\WinSxS\x86_Microsoft.VC80.MFC_1fc8b3b9a1e18e3b_8.0.50727.4053_x-ww_b77cec8e\MFC80U.DLL
0x77bd0000 - 0x77bd8000 	C:\WINDOWS\system32\VERSION.dll
0x74680000 - 0x746cc000 	C:\WINDOWS\system32\MSCTF.dll
0x02670000 - 0x026b8000 	C:\Program Files\Kingsoft\Kingsoft Internet Security\webshield\kswebshield.dll
0x3e410000 - 0x3e4f6000 	C:\WINDOWS\system32\WININET.dll
0x026d0000 - 0x026d9000 	C:\WINDOWS\system32\Normaliz.dll
0x43ce0000 - 0x43e12000 	C:\WINDOWS\system32\urlmon.dll
0x3eab0000 - 0x3ec98000 	C:\WINDOWS\system32\iertutil.dll
0x121f0000 - 0x12214000 	C:\Program Files\ScanSoft\OmniPageSE4\OpHookSE4.dll
0x73640000 - 0x7366e000 	C:\WINDOWS\system32\msctfime.ime
0x76d30000 - 0x76d48000 	C:\WINDOWS\system32\iphlpapi.dll
0x741f0000 - 0x741f4000 	C:\WINDOWS\system32\icmp.Dll
0x78e60000 - 0x790a7000 	C:\Program Files\MATLAB\R2008a\sys\java\jre\win32\jre1.6.0\bin\client\jvm.dll
0x76b10000 - 0x76b3a000 	C:\WINDOWS\system32\WINMM.dll
0x7c340000 - 0x7c396000 	C:\Program Files\MATLAB\R2008a\bin\win32\MSVCR71.dll
0x795a0000 - 0x795a8000 	C:\Program Files\MATLAB\R2008a\sys\java\jre\win32\jre1.6.0\bin\hpi.dll
0x795c0000 - 0x795cc000 	C:\Program Files\MATLAB\R2008a\sys\java\jre\win32\jre1.6.0\bin\verify.dll
0x786a0000 - 0x786bf000 	C:\Program Files\MATLAB\R2008a\sys\java\jre\win32\jre1.6.0\bin\java.dll
0x795d0000 - 0x795df000 	C:\Program Files\MATLAB\R2008a\sys\java\jre\win32\jre1.6.0\bin\zip.dll
0x78c00000 - 0x78dc3000 	C:\Program Files\MATLAB\R2008a\sys\java\jre\win32\jre1.6.0\bin\awt.dll
0x78640000 - 0x78651000 	C:\Program Files\MATLAB\R2008a\bin\win32\nativejava.dll
0x78660000 - 0x78671000 	C:\Program Files\MATLAB\R2008a\bin\win32\nativejmi.dll
0x7a930000 - 0x7a936000 	C:\Program Files\MATLAB\R2008a\bin\win32\nativeservices.dll
0x79640000 - 0x79693000 	C:\Program Files\MATLAB\R2008a\sys\java\jre\win32\jre1.6.0\bin\fontmanager.dll
0x786c0000 - 0x786d3000 	C:\Program Files\MATLAB\R2008a\sys\java\jre\win32\jre1.6.0\bin\net.dll
0x795b0000 - 0x795b9000 	C:\Program Files\MATLAB\R2008a\sys\java\jre\win32\jre1.6.0\bin\nio.dll
0x7b550000 - 0x7b556000 	C:\Program Files\MATLAB\R2008a\bin\win32\nativelmgr.dll
0x7b560000 - 0x7b6fd000 	C:\Program Files\MATLAB\R2008a\bin\win32\instutil.dll
0x0a230000 - 0x0a2e5000 	C:\Program Files\Sinfor\SSL\ClientComponent1\ClientNSPPrj.dll
0x73d30000 - 0x73e2e000 	C:\WINDOWS\system32\MFC42.DLL
0x0a2f0000 - 0x0a2fd000 	C:\WINDOWS\system32\MFC42LOC.DLL

VM Arguments:
jvm_args: -Xss512k -XX:PermSize=32M -Xms64m -XX:NewRatio=3 -XX:MaxPermSize=64M -Xmx128m -XX:MaxDirectMemorySize=1200000000 -Dsun.java2d.noddraw=true -Dsun.awt.nopixfmt=true -Xshare:off -Xrs -Djava.library.path=C:\Program Files\MATLAB\R2008a\bin\win32 vfprintf abort
java_command: <unknown>
Launcher Type: generic

Environment Variables:
CLASSPATH=.;C:\Program Files\QuickTime\QTSystem\QTJava.zip
PATH=C:\Program Files\Microsoft DirectX 9.0 SDK (August 2005)\Utilities\Bin\x86;C:\CTeX\LOCALT~1\ty\bin;C:\CTeX\LOCALT~1\cct\bin;C:\CTeX\texmf\miktex\bin;C:\CTeX\gs\gs8.51\bin;C:\CTeX\WinEdt;C:\WINDOWS\system32;C:\WINDOWS;C:\WINDOWS\System32\Wbem;C:\Program Files\Common Files\Lenovo;C:\Program Files\MATLAB\R2008a\bin;C:\Program Files\MATLAB\R2008a\bin\win32;C:\Program Files\Common Files\Adobe\AGL;C:\Program Files\QuickTime\QTSystem\;C:\Program Files\Intel\WiFi\bin\;C:\Program Files\Common Files\Thunder Network\KanKan\Codecs;C:\Program Files\IDM Computer Solutions\UltraEdit;C:\Program Files\StormII\Codec;C:\Program Files\StormII
USERNAME=Owner
OS=Windows_NT
PROCESSOR_IDENTIFIER=x86 Family 6 Model 23 Stepping 6, GenuineIntel



---------------  S Y S T E M  ---------------

OS: Windows XP Build 2600 Service Pack 3

CPU:total 2 family 6, cmov, cx8, fxsr, mmx, sse, sse2

Memory: 4k page, physical 3104704k(1944392k free), swap 4194303k(3809652k free)

vm_info: Java HotSpot(TM) Client VM (1.6.0-b105) for windows-x86, built on Nov 29 2006 00:48:48 by "java_re" with unknown MS VC++:1310

